[0.525s] Invoking command in '/home/revixa/github/Alpha-Bear-Omega-3/control/ros2_ws/src/alphabearomega3': PYTHONPATH=/home/revixa/github/Alpha-Bear-Omega-3/control/ros2_ws/build/alphabearomega3/prefix_override:/home/revixa/github/Alpha-Bear-Omega-3/control/ros2_ws/install/alphabearomega3/lib/python3.10/site-packages:${PYTHONPATH} /usr/bin/python3 setup.py egg_info --egg-base ../../build/alphabearomega3 build --build-base /home/revixa/github/Alpha-Bear-Omega-3/control/ros2_ws/build/alphabearomega3/build install --record /home/revixa/github/Alpha-Bear-Omega-3/control/ros2_ws/build/alphabearomega3/install.log --single-version-externally-managed
[0.695s] running egg_info
[0.695s] writing ../../build/alphabearomega3/alphabearomega3.egg-info/PKG-INFO
[0.695s] writing dependency_links to ../../build/alphabearomega3/alphabearomega3.egg-info/dependency_links.txt
[0.696s] writing entry points to ../../build/alphabearomega3/alphabearomega3.egg-info/entry_points.txt
[0.696s] writing requirements to ../../build/alphabearomega3/alphabearomega3.egg-info/requires.txt
[0.696s] writing top-level names to ../../build/alphabearomega3/alphabearomega3.egg-info/top_level.txt
[0.697s] reading manifest file '../../build/alphabearomega3/alphabearomega3.egg-info/SOURCES.txt'
[0.697s] adding license file 'LICENSE'
[0.697s] writing manifest file '../../build/alphabearomega3/alphabearomega3.egg-info/SOURCES.txt'
[0.698s] running build
[0.698s] running build_py
[0.698s] copying alphabearomega3/fr_leg.py -> /home/revixa/github/Alpha-Bear-Omega-3/control/ros2_ws/build/alphabearomega3/build/lib/alphabearomega3
[0.698s] running install
[0.698s] /usr/lib/python3/dist-packages/setuptools/command/install.py:34: SetuptoolsDeprecationWarning: setup.py install is deprecated. Use build and pip and other standards-based tools.
[0.698s]   warnings.warn(
[0.698s] running install_lib
[0.699s] copying /home/revixa/github/Alpha-Bear-Omega-3/control/ros2_ws/build/alphabearomega3/build/lib/alphabearomega3/fr_leg.py -> /home/revixa/github/Alpha-Bear-Omega-3/control/ros2_ws/install/alphabearomega3/lib/python3.10/site-packages/alphabearomega3
[0.699s] byte-compiling /home/revixa/github/Alpha-Bear-Omega-3/control/ros2_ws/install/alphabearomega3/lib/python3.10/site-packages/alphabearomega3/fr_leg.py to fr_leg.cpython-310.pyc
[0.699s] running install_data
[0.700s] copying launch/robot_launch.py -> /home/revixa/github/Alpha-Bear-Omega-3/control/ros2_ws/install/alphabearomega3/share/alphabearomega3/launch
[0.700s] copying resource/my_robot.urdf -> /home/revixa/github/Alpha-Bear-Omega-3/control/ros2_ws/install/alphabearomega3/share/alphabearomega3/resource
[0.700s] running install_egg_info
[0.701s] removing '/home/revixa/github/Alpha-Bear-Omega-3/control/ros2_ws/install/alphabearomega3/lib/python3.10/site-packages/alphabearomega3-0.0.0-py3.10.egg-info' (and everything under it)
[0.702s] Copying ../../build/alphabearomega3/alphabearomega3.egg-info to /home/revixa/github/Alpha-Bear-Omega-3/control/ros2_ws/install/alphabearomega3/lib/python3.10/site-packages/alphabearomega3-0.0.0-py3.10.egg-info
[0.702s] running install_scripts
[0.717s] Installing leg_fr script to /home/revixa/github/Alpha-Bear-Omega-3/control/ros2_ws/install/alphabearomega3/lib/alphabearomega3
[0.717s] writing list of installed files to '/home/revixa/github/Alpha-Bear-Omega-3/control/ros2_ws/build/alphabearomega3/install.log'
[0.739s] Invoked command in '/home/revixa/github/Alpha-Bear-Omega-3/control/ros2_ws/src/alphabearomega3' returned '0': PYTHONPATH=/home/revixa/github/Alpha-Bear-Omega-3/control/ros2_ws/build/alphabearomega3/prefix_override:/home/revixa/github/Alpha-Bear-Omega-3/control/ros2_ws/install/alphabearomega3/lib/python3.10/site-packages:${PYTHONPATH} /usr/bin/python3 setup.py egg_info --egg-base ../../build/alphabearomega3 build --build-base /home/revixa/github/Alpha-Bear-Omega-3/control/ros2_ws/build/alphabearomega3/build install --record /home/revixa/github/Alpha-Bear-Omega-3/control/ros2_ws/build/alphabearomega3/install.log --single-version-externally-managed
