running egg_info
writing ../../build/alphabearomega3/alphabearomega3.egg-info/PKG-INFO
writing dependency_links to ../../build/alphabearomega3/alphabearomega3.egg-info/dependency_links.txt
writing entry points to ../../build/alphabearomega3/alphabearomega3.egg-info/entry_points.txt
writing requirements to ../../build/alphabearomega3/alphabearomega3.egg-info/requires.txt
writing top-level names to ../../build/alphabearomega3/alphabearomega3.egg-info/top_level.txt
reading manifest file '../../build/alphabearomega3/alphabearomega3.egg-info/SOURCES.txt'
adding license file 'LICENSE'
writing manifest file '../../build/alphabearomega3/alphabearomega3.egg-info/SOURCES.txt'
running build
running build_py
copying alphabearomega3/big_bear_brain_master.py -> /home/revixa/github/Alpha-Bear-Omega-3/control/ros2_ws/build/alphabearomega3/build/lib/alphabearomega3
copying alphabearomega3/fr_leg.py -> /home/revixa/github/Alpha-Bear-Omega-3/control/ros2_ws/build/alphabearomega3/build/lib/alphabearomega3
running install
running install_lib
creating /home/revixa/github/Alpha-Bear-Omega-3/control/ros2_ws/install/alphabearomega3/lib/python3.10/site-packages/alphabearomega3
copying /home/revixa/github/Alpha-Bear-Omega-3/control/ros2_ws/build/alphabearomega3/build/lib/alphabearomega3/__init__.py -> /home/revixa/github/Alpha-Bear-Omega-3/control/ros2_ws/install/alphabearomega3/lib/python3.10/site-packages/alphabearomega3
copying /home/revixa/github/Alpha-Bear-Omega-3/control/ros2_ws/build/alphabearomega3/build/lib/alphabearomega3/leg_fr.py -> /home/revixa/github/Alpha-Bear-Omega-3/control/ros2_ws/install/alphabearomega3/lib/python3.10/site-packages/alphabearomega3
copying /home/revixa/github/Alpha-Bear-Omega-3/control/ros2_ws/build/alphabearomega3/build/lib/alphabearomega3/big_bear_brain_master.py -> /home/revixa/github/Alpha-Bear-Omega-3/control/ros2_ws/install/alphabearomega3/lib/python3.10/site-packages/alphabearomega3
copying /home/revixa/github/Alpha-Bear-Omega-3/control/ros2_ws/build/alphabearomega3/build/lib/alphabearomega3/fr_leg.py -> /home/revixa/github/Alpha-Bear-Omega-3/control/ros2_ws/install/alphabearomega3/lib/python3.10/site-packages/alphabearomega3
byte-compiling /home/revixa/github/Alpha-Bear-Omega-3/control/ros2_ws/install/alphabearomega3/lib/python3.10/site-packages/alphabearomega3/__init__.py to __init__.cpython-310.pyc
byte-compiling /home/revixa/github/Alpha-Bear-Omega-3/control/ros2_ws/install/alphabearomega3/lib/python3.10/site-packages/alphabearomega3/leg_fr.py to leg_fr.cpython-310.pyc
byte-compiling /home/revixa/github/Alpha-Bear-Omega-3/control/ros2_ws/install/alphabearomega3/lib/python3.10/site-packages/alphabearomega3/big_bear_brain_master.py to big_bear_brain_master.cpython-310.pyc
byte-compiling /home/revixa/github/Alpha-Bear-Omega-3/control/ros2_ws/install/alphabearomega3/lib/python3.10/site-packages/alphabearomega3/fr_leg.py to fr_leg.cpython-310.pyc
running install_data
creating /home/revixa/github/Alpha-Bear-Omega-3/control/ros2_ws/install/alphabearomega3/share/alphabearomega3/launch
copying launch/robot_launch.py -> /home/revixa/github/Alpha-Bear-Omega-3/control/ros2_ws/install/alphabearomega3/share/alphabearomega3/launch
creating /home/revixa/github/Alpha-Bear-Omega-3/control/ros2_ws/install/alphabearomega3/share/alphabearomega3/worlds
copying worlds/bear_topia.wbt -> /home/revixa/github/Alpha-Bear-Omega-3/control/ros2_ws/install/alphabearomega3/share/alphabearomega3/worlds
creating /home/revixa/github/Alpha-Bear-Omega-3/control/ros2_ws/install/alphabearomega3/share/alphabearomega3/resource
copying resource/my_robot.urdf -> /home/revixa/github/Alpha-Bear-Omega-3/control/ros2_ws/install/alphabearomega3/share/alphabearomega3/resource
copying package.xml -> /home/revixa/github/Alpha-Bear-Omega-3/control/ros2_ws/install/alphabearomega3/share/alphabearomega3
running install_egg_info
Copying ../../build/alphabearomega3/alphabearomega3.egg-info to /home/revixa/github/Alpha-Bear-Omega-3/control/ros2_ws/install/alphabearomega3/lib/python3.10/site-packages/alphabearomega3-0.0.0-py3.10.egg-info
running install_scripts
Installing leg_fr script to /home/revixa/github/Alpha-Bear-Omega-3/control/ros2_ws/install/alphabearomega3/lib/alphabearomega3
writing list of installed files to '/home/revixa/github/Alpha-Bear-Omega-3/control/ros2_ws/build/alphabearomega3/install.log'
