[1.664s] Invoking command in '/home/tx/Documents/Github/Alpha-Bear-Omega-3/control/ros2_ws/src/alphabearomega3': DEBUGINFOD_URLS=https://debuginfod.archlinux.org PYTHONPATH=/home/tx/Documents/Github/Alpha-Bear-Omega-3/control/ros2_ws/build/alphabearomega3/prefix_override:/home/tx/Documents/Github/Alpha-Bear-Omega-3/control/ros2_ws/install/alphabearomega3/lib/python3.11/site-packages:${PYTHONPATH} _=/usr/bin/env /usr/bin/python setup.py egg_info --egg-base ../../build/alphabearomega3 build --build-base /home/tx/Documents/Github/Alpha-Bear-Omega-3/control/ros2_ws/build/alphabearomega3/build install --record /home/tx/Documents/Github/Alpha-Bear-Omega-3/control/ros2_ws/build/alphabearomega3/install.log --single-version-externally-managed
[2.084s] running egg_info
[2.084s] creating ../../build/alphabearomega3/alphabearomega3.egg-info
[2.119s] writing ../../build/alphabearomega3/alphabearomega3.egg-info/PKG-INFO
[2.120s] writing dependency_links to ../../build/alphabearomega3/alphabearomega3.egg-info/dependency_links.txt
[2.120s] writing entry points to ../../build/alphabearomega3/alphabearomega3.egg-info/entry_points.txt
[2.120s] writing requirements to ../../build/alphabearomega3/alphabearomega3.egg-info/requires.txt
[2.120s] writing top-level names to ../../build/alphabearomega3/alphabearomega3.egg-info/top_level.txt
[2.120s] writing manifest file '../../build/alphabearomega3/alphabearomega3.egg-info/SOURCES.txt'
[2.193s] reading manifest file '../../build/alphabearomega3/alphabearomega3.egg-info/SOURCES.txt'
[2.193s] adding license file 'LICENSE'
[2.194s] writing manifest file '../../build/alphabearomega3/alphabearomega3.egg-info/SOURCES.txt'
[2.194s] running build
[2.194s] running build_py
[2.195s] creating /home/tx/Documents/Github/Alpha-Bear-Omega-3/control/ros2_ws/build/alphabearomega3/build
[2.195s] creating /home/tx/Documents/Github/Alpha-Bear-Omega-3/control/ros2_ws/build/alphabearomega3/build/lib
[2.195s] creating /home/tx/Documents/Github/Alpha-Bear-Omega-3/control/ros2_ws/build/alphabearomega3/build/lib/alphabearomega3
[2.195s] copying alphabearomega3/__init__.py -> /home/tx/Documents/Github/Alpha-Bear-Omega-3/control/ros2_ws/build/alphabearomega3/build/lib/alphabearomega3
[2.195s] copying alphabearomega3/leg_fr.py -> /home/tx/Documents/Github/Alpha-Bear-Omega-3/control/ros2_ws/build/alphabearomega3/build/lib/alphabearomega3
[2.195s] running install
[2.196s] /usr/lib/python3.11/site-packages/setuptools/_distutils/cmd.py:66: SetuptoolsDeprecationWarning: setup.py install is deprecated.
[2.196s] !!
[2.196s] 
[2.196s]         ********************************************************************************
[2.196s]         Please avoid running ``setup.py`` directly.
[2.196s]         Instead, use pypa/build, pypa/installer or other
[2.197s]         standards-based tools.
[2.197s] 
[2.197s]         See https://blog.ganssle.io/articles/2021/10/setup-py-deprecated.html for details.
[2.197s]         ********************************************************************************
[2.197s] 
[2.197s] !!
[2.197s]   self.initialize_options()
[2.204s] running install_lib
[2.241s] creating /home/tx/Documents/Github/Alpha-Bear-Omega-3/control/ros2_ws/install/alphabearomega3/lib/python3.11/site-packages/alphabearomega3
[2.241s] copying /home/tx/Documents/Github/Alpha-Bear-Omega-3/control/ros2_ws/build/alphabearomega3/build/lib/alphabearomega3/__init__.py -> /home/tx/Documents/Github/Alpha-Bear-Omega-3/control/ros2_ws/install/alphabearomega3/lib/python3.11/site-packages/alphabearomega3
[2.241s] copying /home/tx/Documents/Github/Alpha-Bear-Omega-3/control/ros2_ws/build/alphabearomega3/build/lib/alphabearomega3/leg_fr.py -> /home/tx/Documents/Github/Alpha-Bear-Omega-3/control/ros2_ws/install/alphabearomega3/lib/python3.11/site-packages/alphabearomega3
[2.242s] byte-compiling /home/tx/Documents/Github/Alpha-Bear-Omega-3/control/ros2_ws/install/alphabearomega3/lib/python3.11/site-packages/alphabearomega3/__init__.py to __init__.cpython-311.pyc
[2.242s] byte-compiling /home/tx/Documents/Github/Alpha-Bear-Omega-3/control/ros2_ws/install/alphabearomega3/lib/python3.11/site-packages/alphabearomega3/leg_fr.py to leg_fr.cpython-311.pyc
[2.243s] running install_data
[2.279s] creating /home/tx/Documents/Github/Alpha-Bear-Omega-3/control/ros2_ws/install/alphabearomega3/share/ament_index
[2.279s] creating /home/tx/Documents/Github/Alpha-Bear-Omega-3/control/ros2_ws/install/alphabearomega3/share/ament_index/resource_index
[2.279s] creating /home/tx/Documents/Github/Alpha-Bear-Omega-3/control/ros2_ws/install/alphabearomega3/share/ament_index/resource_index/packages
[2.279s] copying resource/alphabearomega3 -> /home/tx/Documents/Github/Alpha-Bear-Omega-3/control/ros2_ws/install/alphabearomega3/share/ament_index/resource_index/packages
[2.279s] copying package.xml -> /home/tx/Documents/Github/Alpha-Bear-Omega-3/control/ros2_ws/install/alphabearomega3/share/alphabearomega3
[2.279s] running install_egg_info
[2.317s] Copying ../../build/alphabearomega3/alphabearomega3.egg-info to /home/tx/Documents/Github/Alpha-Bear-Omega-3/control/ros2_ws/install/alphabearomega3/lib/python3.11/site-packages/alphabearomega3-0.0.0-py3.11.egg-info
[2.318s] running install_scripts
[2.583s] Installing leg_fr script to /home/tx/Documents/Github/Alpha-Bear-Omega-3/control/ros2_ws/install/alphabearomega3/lib/alphabearomega3
[2.584s] writing list of installed files to '/home/tx/Documents/Github/Alpha-Bear-Omega-3/control/ros2_ws/build/alphabearomega3/install.log'
[2.620s] Invoked command in '/home/tx/Documents/Github/Alpha-Bear-Omega-3/control/ros2_ws/src/alphabearomega3' returned '0': DEBUGINFOD_URLS=https://debuginfod.archlinux.org PYTHONPATH=/home/tx/Documents/Github/Alpha-Bear-Omega-3/control/ros2_ws/build/alphabearomega3/prefix_override:/home/tx/Documents/Github/Alpha-Bear-Omega-3/control/ros2_ws/install/alphabearomega3/lib/python3.11/site-packages:${PYTHONPATH} _=/usr/bin/env /usr/bin/python setup.py egg_info --egg-base ../../build/alphabearomega3 build --build-base /home/tx/Documents/Github/Alpha-Bear-Omega-3/control/ros2_ws/build/alphabearomega3/build install --record /home/tx/Documents/Github/Alpha-Bear-Omega-3/control/ros2_ws/build/alphabearomega3/install.log --single-version-externally-managed
