[0.737s] DEBUG:colcon:Command line arguments: ['/usr/bin/colcon', 'build']
[0.737s] DEBUG:colcon:Parsed command line arguments: Namespace(log_base=None, log_level=None, verb_name='build', build_base='build', install_base='install', merge_install=False, symlink_install=False, test_result_base=None, continue_on_error=False, executor='parallel', parallel_workers=12, event_handlers=None, ignore_user_meta=False, metas=['./colcon.meta'], base_paths=['.'], packages_ignore=None, packages_ignore_regex=None, paths=None, packages_up_to=None, packages_up_to_regex=None, packages_above=None, packages_above_and_dependencies=None, packages_above_depth=None, packages_select_by_dep=None, packages_skip_by_dep=None, packages_skip_up_to=None, packages_select_build_failed=False, packages_skip_build_finished=False, packages_select_test_failures=False, packages_skip_test_passed=False, packages_select=None, packages_skip=None, packages_select_regex=None, packages_skip_regex=None, packages_start=None, packages_end=None, allow_overriding=[], cmake_args=None, cmake_target=None, cmake_target_skip_unavailable=False, cmake_clean_cache=False, cmake_clean_first=False, cmake_force_configure=False, ament_cmake_args=None, catkin_cmake_args=None, catkin_skip_building_tests=False, verb_parser=<colcon_defaults.argument_parser.defaults.DefaultArgumentsDecorator object at 0x7fa3b12532e0>, verb_extension=<colcon_core.verb.build.BuildVerb object at 0x7fa3b12510f0>, main=<bound method BuildVerb.main of <colcon_core.verb.build.BuildVerb object at 0x7fa3b12510f0>>)
[0.772s] Level 1:colcon.colcon_core.package_discovery:discover_packages(colcon_meta) check parameters
[0.772s] Level 1:colcon.colcon_core.package_discovery:discover_packages(recursive) check parameters
[0.772s] Level 1:colcon.colcon_core.package_discovery:discover_packages(ignore) check parameters
[0.772s] Level 1:colcon.colcon_core.package_discovery:discover_packages(path) check parameters
[0.772s] Level 1:colcon.colcon_core.package_discovery:discover_packages(colcon_meta) discover
[0.772s] Level 1:colcon.colcon_core.package_discovery:discover_packages(recursive) discover
[0.772s] INFO:colcon.colcon_core.package_discovery:Crawling recursively for packages in '/home/revixa/github/Alpha-Bear-Omega-3/control/ros2_ws'
[0.772s] Level 1:colcon.colcon_core.package_identification:_identify(.) by extensions ['ignore', 'ignore_ament_install']
[0.772s] Level 1:colcon.colcon_core.package_identification:_identify(.) by extension 'ignore'
[0.772s] Level 1:colcon.colcon_core.package_identification:_identify(.) by extension 'ignore_ament_install'
[0.772s] Level 1:colcon.colcon_core.package_identification:_identify(.) by extensions ['colcon_pkg']
[0.772s] Level 1:colcon.colcon_core.package_identification:_identify(.) by extension 'colcon_pkg'
[0.772s] Level 1:colcon.colcon_core.package_identification:_identify(.) by extensions ['colcon_meta']
[0.772s] Level 1:colcon.colcon_core.package_identification:_identify(.) by extension 'colcon_meta'
[0.772s] Level 1:colcon.colcon_core.package_identification:_identify(.) by extensions ['ros']
[0.772s] Level 1:colcon.colcon_core.package_identification:_identify(.) by extension 'ros'
[0.780s] Level 1:colcon.colcon_core.package_identification:_identify(.) by extensions ['cmake', 'python']
[0.780s] Level 1:colcon.colcon_core.package_identification:_identify(.) by extension 'cmake'
[0.780s] Level 1:colcon.colcon_core.package_identification:_identify(.) by extension 'python'
[0.780s] Level 1:colcon.colcon_core.package_identification:_identify(.) by extensions ['python_setup_py']
[0.780s] Level 1:colcon.colcon_core.package_identification:_identify(.) by extension 'python_setup_py'
[0.781s] Level 1:colcon.colcon_core.package_identification:_identify(build) by extensions ['ignore', 'ignore_ament_install']
[0.781s] Level 1:colcon.colcon_core.package_identification:_identify(build) by extension 'ignore'
[0.781s] Level 1:colcon.colcon_core.package_identification:_identify(build) ignored
[0.781s] Level 1:colcon.colcon_core.package_identification:_identify(install) by extensions ['ignore', 'ignore_ament_install']
[0.781s] Level 1:colcon.colcon_core.package_identification:_identify(install) by extension 'ignore'
[0.781s] Level 1:colcon.colcon_core.package_identification:_identify(install) ignored
[0.781s] Level 1:colcon.colcon_core.package_identification:_identify(log) by extensions ['ignore', 'ignore_ament_install']
[0.781s] Level 1:colcon.colcon_core.package_identification:_identify(log) by extension 'ignore'
[0.781s] Level 1:colcon.colcon_core.package_identification:_identify(log) ignored
[0.781s] Level 1:colcon.colcon_core.package_identification:_identify(src) by extensions ['ignore', 'ignore_ament_install']
[0.781s] Level 1:colcon.colcon_core.package_identification:_identify(src) by extension 'ignore'
[0.781s] Level 1:colcon.colcon_core.package_identification:_identify(src) by extension 'ignore_ament_install'
[0.781s] Level 1:colcon.colcon_core.package_identification:_identify(src) by extensions ['colcon_pkg']
[0.781s] Level 1:colcon.colcon_core.package_identification:_identify(src) by extension 'colcon_pkg'
[0.781s] Level 1:colcon.colcon_core.package_identification:_identify(src) by extensions ['colcon_meta']
[0.781s] Level 1:colcon.colcon_core.package_identification:_identify(src) by extension 'colcon_meta'
[0.781s] Level 1:colcon.colcon_core.package_identification:_identify(src) by extensions ['ros']
[0.781s] Level 1:colcon.colcon_core.package_identification:_identify(src) by extension 'ros'
[0.781s] Level 1:colcon.colcon_core.package_identification:_identify(src) by extensions ['cmake', 'python']
[0.781s] Level 1:colcon.colcon_core.package_identification:_identify(src) by extension 'cmake'
[0.782s] Level 1:colcon.colcon_core.package_identification:_identify(src) by extension 'python'
[0.782s] Level 1:colcon.colcon_core.package_identification:_identify(src) by extensions ['python_setup_py']
[0.782s] Level 1:colcon.colcon_core.package_identification:_identify(src) by extension 'python_setup_py'
[0.782s] Level 1:colcon.colcon_core.package_identification:_identify(src/alphabearomega3) by extensions ['ignore', 'ignore_ament_install']
[0.782s] Level 1:colcon.colcon_core.package_identification:_identify(src/alphabearomega3) by extension 'ignore'
[0.782s] Level 1:colcon.colcon_core.package_identification:_identify(src/alphabearomega3) by extension 'ignore_ament_install'
[0.782s] Level 1:colcon.colcon_core.package_identification:_identify(src/alphabearomega3) by extensions ['colcon_pkg']
[0.782s] Level 1:colcon.colcon_core.package_identification:_identify(src/alphabearomega3) by extension 'colcon_pkg'
[0.782s] Level 1:colcon.colcon_core.package_identification:_identify(src/alphabearomega3) by extensions ['colcon_meta']
[0.782s] Level 1:colcon.colcon_core.package_identification:_identify(src/alphabearomega3) by extension 'colcon_meta'
[0.782s] Level 1:colcon.colcon_core.package_identification:_identify(src/alphabearomega3) by extensions ['ros']
[0.782s] Level 1:colcon.colcon_core.package_identification:_identify(src/alphabearomega3) by extension 'ros'
[0.783s] DEBUG:colcon.colcon_core.package_identification:Package 'src/alphabearomega3' with type 'ros.ament_python' and name 'alphabearomega3'
[0.784s] Level 1:colcon.colcon_core.package_discovery:discover_packages(recursive) using defaults
[0.784s] Level 1:colcon.colcon_core.package_discovery:discover_packages(ignore) discover
[0.784s] Level 1:colcon.colcon_core.package_discovery:discover_packages(ignore) using defaults
[0.784s] Level 1:colcon.colcon_core.package_discovery:discover_packages(path) discover
[0.784s] Level 1:colcon.colcon_core.package_discovery:discover_packages(path) using defaults
[0.851s] Level 1:colcon.colcon_core.package_discovery:discover_packages(prefix_path) check parameters
[0.851s] Level 1:colcon.colcon_core.package_discovery:discover_packages(prefix_path) discover
[0.874s] DEBUG:colcon.colcon_installed_package_information.package_discovery:Found 302 installed packages in /opt/ros/humble
[0.875s] Level 1:colcon.colcon_core.package_discovery:discover_packages(prefix_path) using defaults
[0.955s] Level 5:colcon.colcon_core.verb:set package 'alphabearomega3' build argument 'cmake_args' from command line to 'None'
[0.955s] Level 5:colcon.colcon_core.verb:set package 'alphabearomega3' build argument 'cmake_target' from command line to 'None'
[0.955s] Level 5:colcon.colcon_core.verb:set package 'alphabearomega3' build argument 'cmake_target_skip_unavailable' from command line to 'False'
[0.955s] Level 5:colcon.colcon_core.verb:set package 'alphabearomega3' build argument 'cmake_clean_cache' from command line to 'False'
[0.955s] Level 5:colcon.colcon_core.verb:set package 'alphabearomega3' build argument 'cmake_clean_first' from command line to 'False'
[0.955s] Level 5:colcon.colcon_core.verb:set package 'alphabearomega3' build argument 'cmake_force_configure' from command line to 'False'
[0.955s] Level 5:colcon.colcon_core.verb:set package 'alphabearomega3' build argument 'ament_cmake_args' from command line to 'None'
[0.955s] Level 5:colcon.colcon_core.verb:set package 'alphabearomega3' build argument 'catkin_cmake_args' from command line to 'None'
[0.955s] Level 5:colcon.colcon_core.verb:set package 'alphabearomega3' build argument 'catkin_skip_building_tests' from command line to 'False'
[0.955s] DEBUG:colcon.colcon_core.verb:Building package 'alphabearomega3' with the following arguments: {'ament_cmake_args': None, 'build_base': '/home/revixa/github/Alpha-Bear-Omega-3/control/ros2_ws/build/alphabearomega3', 'catkin_cmake_args': None, 'catkin_skip_building_tests': False, 'cmake_args': None, 'cmake_clean_cache': False, 'cmake_clean_first': False, 'cmake_force_configure': False, 'cmake_target': None, 'cmake_target_skip_unavailable': False, 'install_base': '/home/revixa/github/Alpha-Bear-Omega-3/control/ros2_ws/install/alphabearomega3', 'merge_install': False, 'path': '/home/revixa/github/Alpha-Bear-Omega-3/control/ros2_ws/src/alphabearomega3', 'symlink_install': False, 'test_result_base': None}
[0.966s] INFO:colcon.colcon_core.executor:Executing jobs using 'parallel' executor
[0.978s] DEBUG:colcon.colcon_parallel_executor.executor.parallel:run_until_complete
[0.978s] INFO:colcon.colcon_ros.task.ament_python.build:Building ROS package in '/home/revixa/github/Alpha-Bear-Omega-3/control/ros2_ws/src/alphabearomega3' with build type 'ament_python'
[0.978s] Level 1:colcon.colcon_core.shell:create_environment_hook('alphabearomega3', 'ament_prefix_path')
[0.990s] INFO:colcon.colcon_core.plugin_system:Skipping extension 'colcon_core.shell.bat': Not used on non-Windows systems
[0.990s] INFO:colcon.colcon_core.shell:Creating environment hook '/home/revixa/github/Alpha-Bear-Omega-3/control/ros2_ws/install/alphabearomega3/share/alphabearomega3/hook/ament_prefix_path.ps1'
[0.990s] INFO:colcon.colcon_core.shell:Creating environment descriptor '/home/revixa/github/Alpha-Bear-Omega-3/control/ros2_ws/install/alphabearomega3/share/alphabearomega3/hook/ament_prefix_path.dsv'
[0.991s] INFO:colcon.colcon_core.shell:Creating environment hook '/home/revixa/github/Alpha-Bear-Omega-3/control/ros2_ws/install/alphabearomega3/share/alphabearomega3/hook/ament_prefix_path.sh'
[1.002s] INFO:colcon.colcon_core.shell:Skip shell extension 'powershell' for command environment: Not usable outside of PowerShell
[1.002s] DEBUG:colcon.colcon_core.shell:Skip shell extension 'dsv' for command environment
[1.212s] INFO:colcon.colcon_core.task.python.build:Building Python package in '/home/revixa/github/Alpha-Bear-Omega-3/control/ros2_ws/src/alphabearomega3'
[1.224s] INFO:colcon.colcon_core.shell:Skip shell extension 'powershell' for command environment: Not usable outside of PowerShell
[1.224s] DEBUG:colcon.colcon_core.shell:Skip shell extension 'dsv' for command environment
[1.499s] DEBUG:colcon.colcon_core.event_handler.log_command:Invoking command in '/home/revixa/github/Alpha-Bear-Omega-3/control/ros2_ws/src/alphabearomega3': PYTHONPATH=/home/revixa/github/Alpha-Bear-Omega-3/control/ros2_ws/build/alphabearomega3/prefix_override:/home/revixa/github/Alpha-Bear-Omega-3/control/ros2_ws/install/alphabearomega3/lib/python3.10/site-packages:${PYTHONPATH} /usr/bin/python3 setup.py egg_info --egg-base ../../build/alphabearomega3 build --build-base /home/revixa/github/Alpha-Bear-Omega-3/control/ros2_ws/build/alphabearomega3/build install --record /home/revixa/github/Alpha-Bear-Omega-3/control/ros2_ws/build/alphabearomega3/install.log --single-version-externally-managed
[1.708s] DEBUG:colcon.colcon_core.event_handler.log_command:Invoked command in '/home/revixa/github/Alpha-Bear-Omega-3/control/ros2_ws/src/alphabearomega3' returned '0': PYTHONPATH=/home/revixa/github/Alpha-Bear-Omega-3/control/ros2_ws/build/alphabearomega3/prefix_override:/home/revixa/github/Alpha-Bear-Omega-3/control/ros2_ws/install/alphabearomega3/lib/python3.10/site-packages:${PYTHONPATH} /usr/bin/python3 setup.py egg_info --egg-base ../../build/alphabearomega3 build --build-base /home/revixa/github/Alpha-Bear-Omega-3/control/ros2_ws/build/alphabearomega3/build install --record /home/revixa/github/Alpha-Bear-Omega-3/control/ros2_ws/build/alphabearomega3/install.log --single-version-externally-managed
[1.721s] Level 1:colcon.colcon_core.environment:checking '/home/revixa/github/Alpha-Bear-Omega-3/control/ros2_ws/install/alphabearomega3' for CMake module files
[1.721s] Level 1:colcon.colcon_core.environment:checking '/home/revixa/github/Alpha-Bear-Omega-3/control/ros2_ws/install/alphabearomega3' for CMake config files
[1.722s] Level 1:colcon.colcon_core.environment:checking '/home/revixa/github/Alpha-Bear-Omega-3/control/ros2_ws/install/alphabearomega3/lib'
[1.722s] Level 1:colcon.colcon_core.environment:checking '/home/revixa/github/Alpha-Bear-Omega-3/control/ros2_ws/install/alphabearomega3/bin'
[1.722s] Level 1:colcon.colcon_core.environment:checking '/home/revixa/github/Alpha-Bear-Omega-3/control/ros2_ws/install/alphabearomega3/lib/pkgconfig/alphabearomega3.pc'
[1.722s] Level 1:colcon.colcon_core.environment:checking '/home/revixa/github/Alpha-Bear-Omega-3/control/ros2_ws/install/alphabearomega3/lib/python3.10/site-packages'
[1.722s] Level 1:colcon.colcon_core.shell:create_environment_hook('alphabearomega3', 'pythonpath')
[1.733s] INFO:colcon.colcon_core.shell:Creating environment hook '/home/revixa/github/Alpha-Bear-Omega-3/control/ros2_ws/install/alphabearomega3/share/alphabearomega3/hook/pythonpath.ps1'
[1.733s] INFO:colcon.colcon_core.shell:Creating environment descriptor '/home/revixa/github/Alpha-Bear-Omega-3/control/ros2_ws/install/alphabearomega3/share/alphabearomega3/hook/pythonpath.dsv'
[1.733s] INFO:colcon.colcon_core.shell:Creating environment hook '/home/revixa/github/Alpha-Bear-Omega-3/control/ros2_ws/install/alphabearomega3/share/alphabearomega3/hook/pythonpath.sh'
[1.734s] Level 1:colcon.colcon_core.environment:checking '/home/revixa/github/Alpha-Bear-Omega-3/control/ros2_ws/install/alphabearomega3/bin'
[1.734s] Level 1:colcon.colcon_core.environment:create_environment_scripts_only(alphabearomega3)
[1.745s] INFO:colcon.colcon_core.shell:Creating package script '/home/revixa/github/Alpha-Bear-Omega-3/control/ros2_ws/install/alphabearomega3/share/alphabearomega3/package.ps1'
[1.745s] INFO:colcon.colcon_core.shell:Creating package descriptor '/home/revixa/github/Alpha-Bear-Omega-3/control/ros2_ws/install/alphabearomega3/share/alphabearomega3/package.dsv'
[1.746s] INFO:colcon.colcon_core.shell:Creating package script '/home/revixa/github/Alpha-Bear-Omega-3/control/ros2_ws/install/alphabearomega3/share/alphabearomega3/package.sh'
[1.746s] INFO:colcon.colcon_core.shell:Creating package script '/home/revixa/github/Alpha-Bear-Omega-3/control/ros2_ws/install/alphabearomega3/share/alphabearomega3/package.bash'
[1.747s] INFO:colcon.colcon_core.shell:Creating package script '/home/revixa/github/Alpha-Bear-Omega-3/control/ros2_ws/install/alphabearomega3/share/alphabearomega3/package.zsh'
[1.747s] Level 1:colcon.colcon_core.environment:create_file_with_runtime_dependencies(/home/revixa/github/Alpha-Bear-Omega-3/control/ros2_ws/install/alphabearomega3/share/colcon-core/packages/alphabearomega3)
[1.747s] DEBUG:colcon.colcon_parallel_executor.executor.parallel:closing loop
[1.748s] DEBUG:colcon.colcon_parallel_executor.executor.parallel:loop closed
[1.748s] DEBUG:colcon.colcon_parallel_executor.executor.parallel:run_until_complete finished with '0'
[1.748s] DEBUG:colcon.colcon_core.event_reactor:joining thread
[1.764s] INFO:colcon.colcon_core.plugin_system:Skipping extension 'colcon_notification.desktop_notification.terminal_notifier': Not used on non-Darwin systems
[1.764s] INFO:colcon.colcon_core.plugin_system:Skipping extension 'colcon_notification.desktop_notification.win32': Not used on non-Windows systems
[1.764s] INFO:colcon.colcon_notification.desktop_notification:Sending desktop notification using 'notify2'
[1.773s] DEBUG:colcon.colcon_core.event_reactor:joined thread
[1.785s] INFO:colcon.colcon_core.shell:Creating prefix script '/home/revixa/github/Alpha-Bear-Omega-3/control/ros2_ws/install/local_setup.ps1'
[1.786s] INFO:colcon.colcon_core.shell:Creating prefix util module '/home/revixa/github/Alpha-Bear-Omega-3/control/ros2_ws/install/_local_setup_util_ps1.py'
[1.786s] INFO:colcon.colcon_core.shell:Creating prefix chain script '/home/revixa/github/Alpha-Bear-Omega-3/control/ros2_ws/install/setup.ps1'
[1.798s] INFO:colcon.colcon_core.shell:Creating prefix script '/home/revixa/github/Alpha-Bear-Omega-3/control/ros2_ws/install/local_setup.sh'
[1.798s] INFO:colcon.colcon_core.shell:Creating prefix util module '/home/revixa/github/Alpha-Bear-Omega-3/control/ros2_ws/install/_local_setup_util_sh.py'
[1.798s] INFO:colcon.colcon_core.shell:Creating prefix chain script '/home/revixa/github/Alpha-Bear-Omega-3/control/ros2_ws/install/setup.sh'
[1.810s] INFO:colcon.colcon_core.shell:Creating prefix script '/home/revixa/github/Alpha-Bear-Omega-3/control/ros2_ws/install/local_setup.bash'
[1.810s] INFO:colcon.colcon_core.shell:Creating prefix chain script '/home/revixa/github/Alpha-Bear-Omega-3/control/ros2_ws/install/setup.bash'
[1.821s] INFO:colcon.colcon_core.shell:Creating prefix script '/home/revixa/github/Alpha-Bear-Omega-3/control/ros2_ws/install/local_setup.zsh'
[1.821s] INFO:colcon.colcon_core.shell:Creating prefix chain script '/home/revixa/github/Alpha-Bear-Omega-3/control/ros2_ws/install/setup.zsh'
