[2.081s] DEBUG:colcon:Command line arguments: ['/usr/bin/colcon', 'build']
[2.082s] DEBUG:colcon:Parsed command line arguments: Namespace(log_base=None, log_level=None, verb_name='build', build_base='build', install_base='install', merge_install=False, symlink_install=False, test_result_base=None, continue_on_error=False, executor='parallel', parallel_workers=12, event_handlers=None, ignore_user_meta=False, metas=['./colcon.meta'], base_paths=['.'], packages_ignore=None, packages_ignore_regex=None, paths=None, packages_up_to=None, packages_up_to_regex=None, packages_above=None, packages_above_and_dependencies=None, packages_above_depth=None, packages_select_by_dep=None, packages_skip_by_dep=None, packages_skip_up_to=None, packages_select_build_failed=False, packages_skip_build_finished=False, packages_select_test_failures=False, packages_skip_test_passed=False, packages_select=None, packages_skip=None, packages_select_regex=None, packages_skip_regex=None, packages_start=None, packages_end=None, cmake_args=None, cmake_target=None, cmake_target_skip_unavailable=False, cmake_clean_cache=False, cmake_clean_first=False, cmake_force_configure=False, ament_cmake_args=None, catkin_cmake_args=None, catkin_skip_building_tests=False, verb_parser=<colcon_defaults.argument_parser.defaults.DefaultArgumentsDecorator object at 0x7fd6306f69d0>, verb_extension=<colcon_core.verb.build.BuildVerb object at 0x7fd6306f7110>, main=<bound method BuildVerb.main of <colcon_core.verb.build.BuildVerb object at 0x7fd6306f7110>>)
[2.177s] Level 1:colcon.colcon_core.package_discovery:discover_packages(colcon_meta) check parameters
[2.178s] Level 1:colcon.colcon_core.package_discovery:discover_packages(recursive) check parameters
[2.178s] Level 1:colcon.colcon_core.package_discovery:discover_packages(ignore) check parameters
[2.178s] Level 1:colcon.colcon_core.package_discovery:discover_packages(path) check parameters
[2.178s] Level 1:colcon.colcon_core.package_discovery:discover_packages(colcon_meta) discover
[2.178s] Level 1:colcon.colcon_core.package_discovery:discover_packages(recursive) discover
[2.178s] INFO:colcon.colcon_core.package_discovery:Crawling recursively for packages in '/home/tx/Documents/Github/Alpha-Bear-Omega-3/control/ros2_ws'
[2.178s] Level 1:colcon.colcon_core.package_identification:_identify(.) by extensions ['ignore', 'ignore_ament_install']
[2.178s] Level 1:colcon.colcon_core.package_identification:_identify(.) by extension 'ignore'
[2.178s] Level 1:colcon.colcon_core.package_identification:_identify(.) by extension 'ignore_ament_install'
[2.179s] Level 1:colcon.colcon_core.package_identification:_identify(.) by extensions ['colcon_pkg']
[2.179s] Level 1:colcon.colcon_core.package_identification:_identify(.) by extension 'colcon_pkg'
[2.179s] Level 1:colcon.colcon_core.package_identification:_identify(.) by extensions ['colcon_meta']
[2.179s] Level 1:colcon.colcon_core.package_identification:_identify(.) by extension 'colcon_meta'
[2.179s] Level 1:colcon.colcon_core.package_identification:_identify(.) by extensions ['ros']
[2.179s] Level 1:colcon.colcon_core.package_identification:_identify(.) by extension 'ros'
[2.213s] Level 1:colcon.colcon_core.package_identification:_identify(.) by extensions ['cmake', 'python']
[2.213s] Level 1:colcon.colcon_core.package_identification:_identify(.) by extension 'cmake'
[2.213s] Level 1:colcon.colcon_core.package_identification:_identify(.) by extension 'python'
[2.213s] Level 1:colcon.colcon_core.package_identification:_identify(.) by extensions ['python_setup_py']
[2.213s] Level 1:colcon.colcon_core.package_identification:_identify(.) by extension 'python_setup_py'
[2.214s] Level 1:colcon.colcon_core.package_identification:_identify(build) by extensions ['ignore', 'ignore_ament_install']
[2.214s] Level 1:colcon.colcon_core.package_identification:_identify(build) by extension 'ignore'
[2.214s] Level 1:colcon.colcon_core.package_identification:_identify(build) ignored
[2.214s] Level 1:colcon.colcon_core.package_identification:_identify(install) by extensions ['ignore', 'ignore_ament_install']
[2.214s] Level 1:colcon.colcon_core.package_identification:_identify(install) by extension 'ignore'
[2.214s] Level 1:colcon.colcon_core.package_identification:_identify(install) ignored
[2.214s] Level 1:colcon.colcon_core.package_identification:_identify(log) by extensions ['ignore', 'ignore_ament_install']
[2.215s] Level 1:colcon.colcon_core.package_identification:_identify(log) by extension 'ignore'
[2.215s] Level 1:colcon.colcon_core.package_identification:_identify(log) ignored
[2.215s] Level 1:colcon.colcon_core.package_identification:_identify(src) by extensions ['ignore', 'ignore_ament_install']
[2.215s] Level 1:colcon.colcon_core.package_identification:_identify(src) by extension 'ignore'
[2.215s] Level 1:colcon.colcon_core.package_identification:_identify(src) by extension 'ignore_ament_install'
[2.215s] Level 1:colcon.colcon_core.package_identification:_identify(src) by extensions ['colcon_pkg']
[2.215s] Level 1:colcon.colcon_core.package_identification:_identify(src) by extension 'colcon_pkg'
[2.215s] Level 1:colcon.colcon_core.package_identification:_identify(src) by extensions ['colcon_meta']
[2.215s] Level 1:colcon.colcon_core.package_identification:_identify(src) by extension 'colcon_meta'
[2.215s] Level 1:colcon.colcon_core.package_identification:_identify(src) by extensions ['ros']
[2.215s] Level 1:colcon.colcon_core.package_identification:_identify(src) by extension 'ros'
[2.215s] Level 1:colcon.colcon_core.package_identification:_identify(src) by extensions ['cmake', 'python']
[2.215s] Level 1:colcon.colcon_core.package_identification:_identify(src) by extension 'cmake'
[2.215s] Level 1:colcon.colcon_core.package_identification:_identify(src) by extension 'python'
[2.215s] Level 1:colcon.colcon_core.package_identification:_identify(src) by extensions ['python_setup_py']
[2.216s] Level 1:colcon.colcon_core.package_identification:_identify(src) by extension 'python_setup_py'
[2.216s] Level 1:colcon.colcon_core.package_identification:_identify(src/alphabearomega3) by extensions ['ignore', 'ignore_ament_install']
[2.216s] Level 1:colcon.colcon_core.package_identification:_identify(src/alphabearomega3) by extension 'ignore'
[2.216s] Level 1:colcon.colcon_core.package_identification:_identify(src/alphabearomega3) by extension 'ignore_ament_install'
[2.216s] Level 1:colcon.colcon_core.package_identification:_identify(src/alphabearomega3) by extensions ['colcon_pkg']
[2.216s] Level 1:colcon.colcon_core.package_identification:_identify(src/alphabearomega3) by extension 'colcon_pkg'
[2.216s] Level 1:colcon.colcon_core.package_identification:_identify(src/alphabearomega3) by extensions ['colcon_meta']
[2.216s] Level 1:colcon.colcon_core.package_identification:_identify(src/alphabearomega3) by extension 'colcon_meta'
[2.216s] Level 1:colcon.colcon_core.package_identification:_identify(src/alphabearomega3) by extensions ['ros']
[2.216s] Level 1:colcon.colcon_core.package_identification:_identify(src/alphabearomega3) by extension 'ros'
[2.219s] DEBUG:colcon.colcon_core.package_identification:Package 'src/alphabearomega3' with type 'ros.ament_python' and name 'alphabearomega3'
[2.219s] Level 1:colcon.colcon_core.package_discovery:discover_packages(recursive) using defaults
[2.220s] Level 1:colcon.colcon_core.package_discovery:discover_packages(ignore) discover
[2.220s] Level 1:colcon.colcon_core.package_discovery:discover_packages(ignore) using defaults
[2.220s] Level 1:colcon.colcon_core.package_discovery:discover_packages(path) discover
[2.220s] Level 1:colcon.colcon_core.package_discovery:discover_packages(path) using defaults
[2.389s] Level 5:colcon.colcon_core.verb:set package 'alphabearomega3' build argument 'cmake_args' from command line to 'None'
[2.389s] Level 5:colcon.colcon_core.verb:set package 'alphabearomega3' build argument 'cmake_target' from command line to 'None'
[2.389s] Level 5:colcon.colcon_core.verb:set package 'alphabearomega3' build argument 'cmake_target_skip_unavailable' from command line to 'False'
[2.389s] Level 5:colcon.colcon_core.verb:set package 'alphabearomega3' build argument 'cmake_clean_cache' from command line to 'False'
[2.389s] Level 5:colcon.colcon_core.verb:set package 'alphabearomega3' build argument 'cmake_clean_first' from command line to 'False'
[2.390s] Level 5:colcon.colcon_core.verb:set package 'alphabearomega3' build argument 'cmake_force_configure' from command line to 'False'
[2.390s] Level 5:colcon.colcon_core.verb:set package 'alphabearomega3' build argument 'ament_cmake_args' from command line to 'None'
[2.390s] Level 5:colcon.colcon_core.verb:set package 'alphabearomega3' build argument 'catkin_cmake_args' from command line to 'None'
[2.390s] Level 5:colcon.colcon_core.verb:set package 'alphabearomega3' build argument 'catkin_skip_building_tests' from command line to 'False'
[2.390s] DEBUG:colcon.colcon_core.verb:Building package 'alphabearomega3' with the following arguments: {'ament_cmake_args': None, 'build_base': '/home/tx/Documents/Github/Alpha-Bear-Omega-3/control/ros2_ws/build/alphabearomega3', 'catkin_cmake_args': None, 'catkin_skip_building_tests': False, 'cmake_args': None, 'cmake_clean_cache': False, 'cmake_clean_first': False, 'cmake_force_configure': False, 'cmake_target': None, 'cmake_target_skip_unavailable': False, 'install_base': '/home/tx/Documents/Github/Alpha-Bear-Omega-3/control/ros2_ws/install/alphabearomega3', 'merge_install': False, 'path': '/home/tx/Documents/Github/Alpha-Bear-Omega-3/control/ros2_ws/src/alphabearomega3', 'symlink_install': False, 'test_result_base': None}
[2.423s] INFO:colcon.colcon_core.executor:Executing jobs using 'parallel' executor
[2.458s] DEBUG:colcon.colcon_parallel_executor.executor.parallel:run_until_complete
[2.458s] INFO:colcon.colcon_ros.task.ament_python.build:Building ROS package in '/home/tx/Documents/Github/Alpha-Bear-Omega-3/control/ros2_ws/src/alphabearomega3' with build type 'ament_python'
[2.458s] Level 1:colcon.colcon_core.shell:create_environment_hook('alphabearomega3', 'ament_prefix_path')
[2.494s] INFO:colcon.colcon_core.plugin_system:Skipping extension 'colcon_core.shell.bat': Not used on non-Windows systems
[2.495s] INFO:colcon.colcon_core.shell:Creating environment hook '/home/tx/Documents/Github/Alpha-Bear-Omega-3/control/ros2_ws/install/alphabearomega3/share/alphabearomega3/hook/ament_prefix_path.ps1'
[2.496s] INFO:colcon.colcon_core.shell:Creating environment descriptor '/home/tx/Documents/Github/Alpha-Bear-Omega-3/control/ros2_ws/install/alphabearomega3/share/alphabearomega3/hook/ament_prefix_path.dsv'
[2.496s] INFO:colcon.colcon_core.shell:Creating environment hook '/home/tx/Documents/Github/Alpha-Bear-Omega-3/control/ros2_ws/install/alphabearomega3/share/alphabearomega3/hook/ament_prefix_path.sh'
[2.531s] INFO:colcon.colcon_core.shell:Skip shell extension 'powershell' for command environment: Not usable outside of PowerShell
[2.531s] DEBUG:colcon.colcon_core.shell:Skip shell extension 'dsv' for command environment
[2.944s] INFO:colcon.colcon_core.task.python.build:Building Python package in '/home/tx/Documents/Github/Alpha-Bear-Omega-3/control/ros2_ws/src/alphabearomega3'
[2.979s] INFO:colcon.colcon_core.shell:Skip shell extension 'powershell' for command environment: Not usable outside of PowerShell
[2.979s] DEBUG:colcon.colcon_core.shell:Skip shell extension 'dsv' for command environment
[4.122s] DEBUG:colcon.colcon_core.event_handler.log_command:Invoking command in '/home/tx/Documents/Github/Alpha-Bear-Omega-3/control/ros2_ws/src/alphabearomega3': DEBUGINFOD_URLS=https://debuginfod.archlinux.org PYTHONPATH=/home/tx/Documents/Github/Alpha-Bear-Omega-3/control/ros2_ws/build/alphabearomega3/prefix_override:/home/tx/Documents/Github/Alpha-Bear-Omega-3/control/ros2_ws/install/alphabearomega3/lib/python3.11/site-packages:${PYTHONPATH} _=/usr/bin/env /usr/bin/python setup.py egg_info --egg-base ../../build/alphabearomega3 build --build-base /home/tx/Documents/Github/Alpha-Bear-Omega-3/control/ros2_ws/build/alphabearomega3/build install --record /home/tx/Documents/Github/Alpha-Bear-Omega-3/control/ros2_ws/build/alphabearomega3/install.log --single-version-externally-managed
[5.079s] DEBUG:colcon.colcon_core.event_handler.log_command:Invoked command in '/home/tx/Documents/Github/Alpha-Bear-Omega-3/control/ros2_ws/src/alphabearomega3' returned '0': DEBUGINFOD_URLS=https://debuginfod.archlinux.org PYTHONPATH=/home/tx/Documents/Github/Alpha-Bear-Omega-3/control/ros2_ws/build/alphabearomega3/prefix_override:/home/tx/Documents/Github/Alpha-Bear-Omega-3/control/ros2_ws/install/alphabearomega3/lib/python3.11/site-packages:${PYTHONPATH} _=/usr/bin/env /usr/bin/python setup.py egg_info --egg-base ../../build/alphabearomega3 build --build-base /home/tx/Documents/Github/Alpha-Bear-Omega-3/control/ros2_ws/build/alphabearomega3/build install --record /home/tx/Documents/Github/Alpha-Bear-Omega-3/control/ros2_ws/build/alphabearomega3/install.log --single-version-externally-managed
[5.116s] Level 1:colcon.colcon_core.environment:checking '/home/tx/Documents/Github/Alpha-Bear-Omega-3/control/ros2_ws/install/alphabearomega3' for CMake module files
[5.117s] Level 1:colcon.colcon_core.environment:checking '/home/tx/Documents/Github/Alpha-Bear-Omega-3/control/ros2_ws/install/alphabearomega3' for CMake config files
[5.118s] Level 1:colcon.colcon_core.environment:checking '/home/tx/Documents/Github/Alpha-Bear-Omega-3/control/ros2_ws/install/alphabearomega3/lib'
[5.118s] Level 1:colcon.colcon_core.environment:checking '/home/tx/Documents/Github/Alpha-Bear-Omega-3/control/ros2_ws/install/alphabearomega3/bin'
[5.118s] Level 1:colcon.colcon_core.environment:checking '/home/tx/Documents/Github/Alpha-Bear-Omega-3/control/ros2_ws/install/alphabearomega3/lib/pkgconfig/alphabearomega3.pc'
[5.118s] Level 1:colcon.colcon_core.environment:checking '/home/tx/Documents/Github/Alpha-Bear-Omega-3/control/ros2_ws/install/alphabearomega3/lib/python3.11/site-packages'
[5.118s] Level 1:colcon.colcon_core.shell:create_environment_hook('alphabearomega3', 'pythonpath')
[5.153s] INFO:colcon.colcon_core.shell:Creating environment hook '/home/tx/Documents/Github/Alpha-Bear-Omega-3/control/ros2_ws/install/alphabearomega3/share/alphabearomega3/hook/pythonpath.ps1'
[5.153s] INFO:colcon.colcon_core.shell:Creating environment descriptor '/home/tx/Documents/Github/Alpha-Bear-Omega-3/control/ros2_ws/install/alphabearomega3/share/alphabearomega3/hook/pythonpath.dsv'
[5.153s] INFO:colcon.colcon_core.shell:Creating environment hook '/home/tx/Documents/Github/Alpha-Bear-Omega-3/control/ros2_ws/install/alphabearomega3/share/alphabearomega3/hook/pythonpath.sh'
[5.154s] Level 1:colcon.colcon_core.environment:checking '/home/tx/Documents/Github/Alpha-Bear-Omega-3/control/ros2_ws/install/alphabearomega3/bin'
[5.154s] Level 1:colcon.colcon_core.environment:create_environment_scripts_only(alphabearomega3)
[5.188s] INFO:colcon.colcon_core.shell:Creating package script '/home/tx/Documents/Github/Alpha-Bear-Omega-3/control/ros2_ws/install/alphabearomega3/share/alphabearomega3/package.ps1'
[5.189s] INFO:colcon.colcon_core.shell:Creating package descriptor '/home/tx/Documents/Github/Alpha-Bear-Omega-3/control/ros2_ws/install/alphabearomega3/share/alphabearomega3/package.dsv'
[5.189s] INFO:colcon.colcon_core.shell:Creating package script '/home/tx/Documents/Github/Alpha-Bear-Omega-3/control/ros2_ws/install/alphabearomega3/share/alphabearomega3/package.sh'
[5.190s] INFO:colcon.colcon_core.shell:Creating package script '/home/tx/Documents/Github/Alpha-Bear-Omega-3/control/ros2_ws/install/alphabearomega3/share/alphabearomega3/package.bash'
[5.191s] INFO:colcon.colcon_core.shell:Creating package script '/home/tx/Documents/Github/Alpha-Bear-Omega-3/control/ros2_ws/install/alphabearomega3/share/alphabearomega3/package.zsh'
[5.192s] Level 1:colcon.colcon_core.environment:create_file_with_runtime_dependencies(/home/tx/Documents/Github/Alpha-Bear-Omega-3/control/ros2_ws/install/alphabearomega3/share/colcon-core/packages/alphabearomega3)
[5.192s] DEBUG:colcon.colcon_parallel_executor.executor.parallel:closing loop
[5.193s] DEBUG:colcon.colcon_parallel_executor.executor.parallel:loop closed
[5.193s] DEBUG:colcon.colcon_parallel_executor.executor.parallel:run_until_complete finished with '0'
[5.193s] DEBUG:colcon.colcon_core.event_reactor:joining thread
[5.236s] INFO:colcon.colcon_core.plugin_system:Skipping extension 'colcon_notification.desktop_notification.terminal_notifier': Not used on non-Darwin systems
[5.236s] INFO:colcon.colcon_core.plugin_system:Skipping extension 'colcon_notification.desktop_notification.win32': Not used on non-Windows systems
[5.236s] INFO:colcon.colcon_notification.desktop_notification:Sending desktop notification using 'notify2'
[5.252s] DEBUG:colcon.colcon_core.event_reactor:joined thread
[5.287s] INFO:colcon.colcon_core.shell:Creating prefix script '/home/tx/Documents/Github/Alpha-Bear-Omega-3/control/ros2_ws/install/local_setup.ps1'
[5.288s] INFO:colcon.colcon_core.shell:Creating prefix util module '/home/tx/Documents/Github/Alpha-Bear-Omega-3/control/ros2_ws/install/_local_setup_util_ps1.py'
[5.289s] INFO:colcon.colcon_core.shell:Creating prefix chain script '/home/tx/Documents/Github/Alpha-Bear-Omega-3/control/ros2_ws/install/setup.ps1'
[5.324s] INFO:colcon.colcon_core.shell:Creating prefix script '/home/tx/Documents/Github/Alpha-Bear-Omega-3/control/ros2_ws/install/local_setup.sh'
[5.324s] INFO:colcon.colcon_core.shell:Creating prefix util module '/home/tx/Documents/Github/Alpha-Bear-Omega-3/control/ros2_ws/install/_local_setup_util_sh.py'
[5.325s] INFO:colcon.colcon_core.shell:Creating prefix chain script '/home/tx/Documents/Github/Alpha-Bear-Omega-3/control/ros2_ws/install/setup.sh'
[5.360s] INFO:colcon.colcon_core.shell:Creating prefix script '/home/tx/Documents/Github/Alpha-Bear-Omega-3/control/ros2_ws/install/local_setup.bash'
[5.361s] INFO:colcon.colcon_core.shell:Creating prefix chain script '/home/tx/Documents/Github/Alpha-Bear-Omega-3/control/ros2_ws/install/setup.bash'
[5.410s] INFO:colcon.colcon_core.shell:Creating prefix script '/home/tx/Documents/Github/Alpha-Bear-Omega-3/control/ros2_ws/install/local_setup.zsh'
[5.411s] INFO:colcon.colcon_core.shell:Creating prefix chain script '/home/tx/Documents/Github/Alpha-Bear-Omega-3/control/ros2_ws/install/setup.zsh'
