running egg_info
writing ../../build/alphabearomega3/alphabearomega3.egg-info/PKG-INFO
writing dependency_links to ../../build/alphabearomega3/alphabearomega3.egg-info/dependency_links.txt
writing entry points to ../../build/alphabearomega3/alphabearomega3.egg-info/entry_points.txt
writing requirements to ../../build/alphabearomega3/alphabearomega3.egg-info/requires.txt
writing top-level names to ../../build/alphabearomega3/alphabearomega3.egg-info/top_level.txt
reading manifest file '../../build/alphabearomega3/alphabearomega3.egg-info/SOURCES.txt'
adding license file 'LICENSE'
writing manifest file '../../build/alphabearomega3/alphabearomega3.egg-info/SOURCES.txt'
running build
running build_py
running install
/usr/lib/python3/dist-packages/setuptools/command/install.py:34: SetuptoolsDeprecationWarning: setup.py install is deprecated. Use build and pip and other standards-based tools.
  warnings.warn(
running install_lib
running install_data
copying launch/robot_launch.py -> /home/revixa/github/Alpha-Bear-Omega-3/control/ros2_ws/install/alphabearomega3/share/alphabearomega3/launch
running install_egg_info
removing '/home/revixa/github/Alpha-Bear-Omega-3/control/ros2_ws/install/alphabearomega3/lib/python3.10/site-packages/alphabearomega3-0.0.0-py3.10.egg-info' (and everything under it)
Copying ../../build/alphabearomega3/alphabearomega3.egg-info to /home/revixa/github/Alpha-Bear-Omega-3/control/ros2_ws/install/alphabearomega3/lib/python3.10/site-packages/alphabearomega3-0.0.0-py3.10.egg-info
running install_scripts
Installing leg_fr script to /home/revixa/github/Alpha-Bear-Omega-3/control/ros2_ws/install/alphabearomega3/lib/alphabearomega3
writing list of installed files to '/home/revixa/github/Alpha-Bear-Omega-3/control/ros2_ws/build/alphabearomega3/install.log'
